<?xml version="1.0" encoding="UTF-8"?>
<!-- Generated by org.testng.reporters.JUnitReportReporter -->
<testsuite hostname="DESKTOP-7QLBC7F" failures="0" tests="1" name="test.OutpatientClinic.OutpatientClinicLoginTest" time="19.897" errors="0" timestamp="2023-11-08T16:57:33 IST" skipped="0">
  <testcase classname="test.OutpatientClinic.OutpatientClinicLoginTest" name="outpatientClinicValidCredentialtest" time="19.897"/>
  <system-out/>
</testsuite> <!-- test.OutpatientClinic.OutpatientClinicLoginTest -->
