<?xml version="1.0" encoding="UTF-8"?>
<!-- Generated by org.testng.reporters.JUnitReportReporter -->
<testsuite hostname="DESKTOP-7QLBC7F" failures="0" tests="1" name="test.Pharmacy.PharmacyFindPatientRecordTest" time="43.602" errors="0" timestamp="2023-11-03T16:10:11 IST" skipped="0">
  <testcase classname="test.Pharmacy.PharmacyFindPatientRecordTest" name="pharmacyFindPatientRecordTest" time="43.602"/>
  <system-out/>
</testsuite> <!-- test.Pharmacy.PharmacyFindPatientRecordTest -->
