<?xml version="1.0" encoding="UTF-8"?>
<!-- Generated by org.testng.reporters.JUnitReportReporter -->
<testsuite hostname="DESKTOP-7QLBC7F" failures="0" tests="1" name="test.OutpatientClinic.CaptureVitals" time="35.025" errors="0" timestamp="2023-11-08T19:54:28 IST" skipped="0">
  <testcase classname="test.OutpatientClinic.CaptureVitals" name="searchCapturevitalsByNametest" time="35.025"/>
  <system-out/>
</testsuite> <!-- test.OutpatientClinic.CaptureVitals -->
