<?xml version="1.0" encoding="UTF-8"?>
<!-- Generated by org.testng.reporters.JUnitReportReporter -->
<testsuite hostname="DESKTOP-7QLBC7F" failures="0" tests="1" name="test.OutpatientClinic.OutpatientClinicManageAppointmentsTest" time="40.190" errors="0" timestamp="2023-11-06T20:35:46 IST" skipped="0">
  <testcase classname="test.OutpatientClinic.OutpatientClinicManageAppointmentsTest" name="outpatientClinicManageAppointmentsTest" time="40.190"/>
  <system-out/>
</testsuite> <!-- test.OutpatientClinic.OutpatientClinicManageAppointmentsTest -->
