<?xml version="1.0" encoding="UTF-8"?>
<!-- Generated by org.testng.reporters.JUnitReportReporter -->
<testsuite hostname="DESKTOP-7QLBC7F" failures="0" tests="1" name="test.OutpatientClinic.OutpatientClinicManageAppointmentsTest" time="43.948" errors="0" timestamp="2023-11-08T18:34:03 IST" skipped="0">
  <testcase classname="test.OutpatientClinic.OutpatientClinicManageAppointmentsTest" name="outpatientClinicManageAppointmentsTest" time="43.948"/>
  <system-out/>
</testsuite> <!-- test.OutpatientClinic.OutpatientClinicManageAppointmentsTest -->
