<?xml version="1.0" encoding="UTF-8"?>
<!-- Generated by org.testng.reporters.JUnitReportReporter -->
<testsuite hostname="DESKTOP-7QLBC7F" failures="0" tests="1" name="OpenMRS_Application.OpenMRS_Application.Demo" time="4.629" errors="0" timestamp="2023-11-01T16:07:15 IST" skipped="0">
  <testcase classname="OpenMRS_Application.OpenMRS_Application.Demo" name="LaunchChrome" time="4.629"/>
</testsuite> <!-- OpenMRS_Application.OpenMRS_Application.Demo -->
