<?xml version="1.0" encoding="UTF-8"?>
<!-- Generated by org.testng.reporters.JUnitReportReporter -->
<testsuite hostname="DESKTOP-7QLBC7F" failures="0" tests="1" name="test.OutpatientClinic.CaptureVitals" time="13.514" errors="0" timestamp="2023-11-07T22:19:34 IST" skipped="0">
  <testcase classname="test.OutpatientClinic.CaptureVitals" name="searchCapturevitalsByNametest" time="13.514"/>
  <system-out/>
</testsuite> <!-- test.OutpatientClinic.CaptureVitals -->
