<?xml version="1.0" encoding="UTF-8"?>
<!-- Generated by org.testng.reporters.JUnitReportReporter -->
<testsuite hostname="DESKTOP-7QLBC7F" failures="0" tests="1" name="test.InpatientWardLoginTest" time="21.067" errors="0" timestamp="2023-11-01T18:37:43 IST" skipped="0">
  <testcase classname="test.InpatientWardLoginTest" name="InpatientWardValidCredentialtest" time="21.067"/>
</testsuite> <!-- test.InpatientWardLoginTest -->
