<?xml version="1.0" encoding="UTF-8"?>
<!-- Generated by org.testng.reporters.JUnitReportReporter -->
<testsuite hostname="DESKTOP-7QLBC7F" failures="0" tests="1" name="test.RegistrationDesk.RegistrationDeskAppointmentSchedulingManageServiceTypesTest" time="33.262" errors="0" timestamp="2023-11-03T20:31:15 IST" skipped="0">
  <testcase classname="test.RegistrationDesk.RegistrationDeskAppointmentSchedulingManageServiceTypesTest" name="pharmacyAppointmentSchedulingManageServiceTypesTest" time="33.262"/>
  <system-out/>
</testsuite> <!-- test.RegistrationDesk.RegistrationDeskAppointmentSchedulingManageServiceTypesTest -->
