<?xml version="1.0" encoding="UTF-8"?>
<!-- Generated by org.testng.reporters.JUnitReportReporter -->
<testsuite hostname="DESKTOP-7QLBC7F" failures="0" tests="1" name="test.IsolationWardLoginTest" time="18.417" errors="0" timestamp="2023-11-01T18:38:15 IST" skipped="0">
  <testcase classname="test.IsolationWardLoginTest" name="IsolationWardValidCredentialtest" time="18.417"/>
</testsuite> <!-- test.IsolationWardLoginTest -->
