<?xml version="1.0" encoding="UTF-8"?>
<!-- Generated by org.testng.reporters.JUnitReportReporter -->
<testsuite hostname="DESKTOP-7QLBC7F" failures="0" tests="1" name="test.RegistrationDesk.RegistrationDeskManageAppointmentsTest" time="42.458" errors="0" timestamp="2023-11-06T19:20:39 IST" skipped="0">
  <testcase classname="test.RegistrationDesk.RegistrationDeskManageAppointmentsTest" name="registrationDeskManageAppointmentsTest" time="42.458"/>
  <system-out/>
</testsuite> <!-- test.RegistrationDesk.RegistrationDeskManageAppointmentsTest -->
