<?xml version="1.0" encoding="UTF-8"?>
<!-- Generated by org.testng.reporters.JUnitReportReporter -->
<testsuite hostname="DESKTOP-7QLBC7F" failures="0" tests="1" name="test.RegistrationDeskLoginTest" time="20.923" errors="0" timestamp="2023-11-02T14:20:07 IST" skipped="0">
  <testcase classname="test.RegistrationDeskLoginTest" name="registrationDeskValidCredentialtest" time="20.923"/>
</testsuite> <!-- test.RegistrationDeskLoginTest -->
