<?xml version="1.0" encoding="UTF-8"?>
<!-- Generated by org.testng.reporters.JUnitReportReporter -->
<testsuite hostname="DESKTOP-7QLBC7F" failures="0" tests="1" name="test.OutpatientClinic.FindPatientRecordTest" time="30.805" errors="0" timestamp="2023-11-03T21:22:55 IST" skipped="0">
  <testcase classname="test.OutpatientClinic.FindPatientRecordTest" name="findPatientRecordTest" time="30.805"/>
  <system-out/>
</testsuite> <!-- test.OutpatientClinic.FindPatientRecordTest -->
