<?xml version="1.0" encoding="UTF-8"?>
<!-- Generated by org.testng.reporters.JUnitReportReporter -->
<testsuite hostname="DESKTOP-7QLBC7F" failures="0" tests="1" name="test.Pharmacy.PharmacyAppointmentSchedulingManageServiceTypesTest" time="33.967" errors="0" timestamp="2023-11-03T18:14:54 IST" skipped="0">
  <testcase classname="test.Pharmacy.PharmacyAppointmentSchedulingManageServiceTypesTest" name="pharmacyAppointmentSchedulingManageServiceTypesTest" time="33.967"/>
  <system-out/>
</testsuite> <!-- test.Pharmacy.PharmacyAppointmentSchedulingManageServiceTypesTest -->
