<?xml version="1.0" encoding="UTF-8"?>
<!-- Generated by org.testng.reporters.JUnitReportReporter -->
<testsuite hostname="DESKTOP-7QLBC7F" failures="0" tests="1" name="test.OutpatientClinic.RegisterPatientExcelDPTest" time="52.818" errors="0" timestamp="2023-11-07T18:27:42 IST" skipped="0">
  <testcase classname="test.OutpatientClinic.RegisterPatientExcelDPTest" name="registerPatientRecordExcelDPTest" time="52.818"/>
  <system-out/>
</testsuite> <!-- test.OutpatientClinic.RegisterPatientExcelDPTest -->
