<?xml version="1.0" encoding="UTF-8"?>
<!-- Generated by org.testng.reporters.JUnitReportReporter -->
<testsuite hostname="DESKTOP-7QLBC7F" failures="0" tests="1" name="test.OutpatientClinic.RegisterPatientTest" time="53.783" errors="0" timestamp="2023-11-03T22:19:27 IST" skipped="0">
  <testcase classname="test.OutpatientClinic.RegisterPatientTest" name="registerPatientRecordTest" time="53.783"/>
  <system-out/>
</testsuite> <!-- test.OutpatientClinic.RegisterPatientTest -->
