<?xml version="1.0" encoding="UTF-8"?>
<!-- Generated by org.testng.reporters.JUnitReportReporter -->
<testsuite hostname="DESKTOP-7QLBC7F" failures="0" tests="1" name="test.OutpatientClinic.SearchCapturevitalsByName" time="12.084" errors="0" timestamp="2023-11-08T17:58:28 IST" skipped="0">
  <testcase classname="test.OutpatientClinic.SearchCapturevitalsByName" name="searchCapturevitalsByNametest" time="12.084"/>
  <system-out/>
</testsuite> <!-- test.OutpatientClinic.SearchCapturevitalsByName -->
