<?xml version="1.0" encoding="UTF-8"?>
<!-- Generated by org.testng.reporters.JUnitReportReporter -->
<testsuite hostname="DESKTOP-7QLBC7F" failures="0" tests="1" name="test.OutpatientClinicTest" time="18.309" errors="0" timestamp="2023-11-01T18:49:36 IST" skipped="0">
  <testcase classname="test.OutpatientClinicTest" name="outpatientClinicValidCredentialtest" time="18.309"/>
</testsuite> <!-- test.OutpatientClinicTest -->
