<?xml version="1.0" encoding="UTF-8"?>
<!-- Generated by org.testng.reporters.JUnitReportReporter -->
<testsuite hostname="DESKTOP-7QLBC7F" failures="0" tests="1" name="test.OutpatientClinic.SearchCapturevitalsByName" time="13.641" errors="0" timestamp="2023-11-07T15:32:50 IST" skipped="0">
  <testcase classname="test.OutpatientClinic.SearchCapturevitalsByName" name="searchCapturevitalsByNametest" time="13.641"/>
  <system-out/>
</testsuite> <!-- test.OutpatientClinic.SearchCapturevitalsByName -->
