<?xml version="1.0" encoding="UTF-8"?>
<!-- Generated by org.testng.reporters.JUnitReportReporter -->
<testsuite hostname="DESKTOP-7QLBC7F" failures="0" tests="1" name="test.OutpatientClinic.AppointmentSchedulingManageServiceTypes" time="31.093" errors="0" timestamp="2023-11-03T16:13:50 IST" skipped="0">
  <testcase classname="test.OutpatientClinic.AppointmentSchedulingManageServiceTypes" name="outpatientClinicValidCredentialtest" time="31.093"/>
  <system-out/>
</testsuite> <!-- test.OutpatientClinic.AppointmentSchedulingManageServiceTypes -->
