<?xml version="1.0" encoding="UTF-8"?>
<!-- Generated by org.testng.reporters.JUnitReportReporter -->
<testsuite hostname="DESKTOP-7QLBC7F" failures="0" tests="1" name="test.OutpatientClinic.SearchCapturevitalsByPatientID" time="13.639" errors="0" timestamp="2023-11-07T16:21:29 IST" skipped="0">
  <testcase classname="test.OutpatientClinic.SearchCapturevitalsByPatientID" name="searchCapturevitalsByPatientIDtest" time="13.639"/>
  <system-out/>
</testsuite> <!-- test.OutpatientClinic.SearchCapturevitalsByPatientID -->
