<?xml version="1.0" encoding="UTF-8"?>
<!-- Generated by org.testng.reporters.JUnitReportReporter -->
<testsuite hostname="DESKTOP-7QLBC7F" failures="0" tests="1" name="test.PharmacyLoginTest" time="18.978" errors="0" timestamp="2023-11-02T14:32:49 IST" skipped="0">
  <testcase classname="test.PharmacyLoginTest" name="outpatientClinicValidCredentialtest" time="18.978"/>
</testsuite> <!-- test.PharmacyLoginTest -->
