<?xml version="1.0" encoding="UTF-8"?>
<!-- Generated by org.testng.reporters.JUnitReportReporter -->
<testsuite hostname="DESKTOP-7QLBC7F" failures="0" tests="1" name="test.InpatientWardLoginTest" time="19.005" errors="0" timestamp="2023-11-06T18:44:29 IST" skipped="0">
  <testcase classname="test.InpatientWardLoginTest" name="InpatientWardValidCredentialtest" time="19.005"/>
  <system-out/>
</testsuite> <!-- test.InpatientWardLoginTest -->
