<?xml version="1.0" encoding="UTF-8"?>
<!-- Generated by org.testng.reporters.JUnitReportReporter -->
<testsuite hostname="DESKTOP-7QLBC7F" failures="0" tests="1" name="test.RegistrationDesk.RegistrationDeskFindPatientRecordTest" time="45.687" errors="0" timestamp="2023-11-03T20:25:46 IST" skipped="0">
  <testcase classname="test.RegistrationDesk.RegistrationDeskFindPatientRecordTest" name="registrationDeskFindPatientRecordTest" time="45.687"/>
  <system-out/>
</testsuite> <!-- test.RegistrationDesk.RegistrationDeskFindPatientRecordTest -->
