<?xml version="1.0" encoding="UTF-8"?>
<!-- Generated by org.testng.reporters.JUnitReportReporter -->
<testsuite hostname="DESKTOP-7QLBC7F" failures="0" tests="1" name="test.Pharmacy.PharmacyManageAppointmentsTest" time="40.265" errors="0" timestamp="2023-11-06T20:32:36 IST" skipped="0">
  <testcase classname="test.Pharmacy.PharmacyManageAppointmentsTest" name="pharmacyManageAppointmentsTest" time="40.265"/>
  <system-out/>
</testsuite> <!-- test.Pharmacy.PharmacyManageAppointmentsTest -->
