<?xml version="1.0" encoding="UTF-8"?>
<!-- Generated by org.testng.reporters.JUnitReportReporter -->
<testsuite hostname="DESKTOP-7QLBC7F" failures="0" tests="1" name="test.OutpatientClinicLoginTest" time="19.399" errors="0" timestamp="2023-11-02T14:56:47 IST" skipped="0">
  <testcase classname="test.OutpatientClinicLoginTest" name="outpatientClinicValidCredentialtest" time="19.399"/>
</testsuite> <!-- test.OutpatientClinicLoginTest -->
