<?xml version="1.0" encoding="UTF-8"?>
<!-- Generated by org.testng.reporters.JUnitReportReporter -->
<testsuite hostname="DESKTOP-7QLBC7F" failures="0" tests="1" name="test.RegistrationDesk.RegistrationDeskRegisterPatientTest" time="53.431" errors="0" timestamp="2023-11-03T21:14:34 IST" skipped="0">
  <testcase classname="test.RegistrationDesk.RegistrationDeskRegisterPatientTest" name="RegistrationDeskRegisterPatientRecordTest" time="53.431"/>
  <system-out/>
</testsuite> <!-- test.RegistrationDesk.RegistrationDeskRegisterPatientTest -->
