<?xml version="1.0" encoding="UTF-8"?>
<!-- Generated by org.testng.reporters.JUnitReportReporter -->
<testsuite hostname="DESKTOP-7QLBC7F" failures="0" tests="1" name="test.Pharmacy.PharmacyRegisterPatientTest" time="64.647" errors="0" timestamp="2023-11-03T21:11:59 IST" skipped="0">
  <testcase classname="test.Pharmacy.PharmacyRegisterPatientTest" name="pharmcyRegisterPatientRecordTest" time="64.647"/>
  <system-out/>
</testsuite> <!-- test.Pharmacy.PharmacyRegisterPatientTest -->
