<?xml version="1.0" encoding="UTF-8"?>
<!-- Generated by org.testng.reporters.JUnitReportReporter -->
<testsuite hostname="DESKTOP-7QLBC7F" failures="0" tests="1" name="test.LoginTest" time="18.252" errors="0" timestamp="2023-11-01T18:09:41 IST" skipped="0">
  <testcase classname="test.LoginTest" name="IsolationWardValidCredentialtest" time="18.252"/>
</testsuite> <!-- test.LoginTest -->
