<?xml version="1.0" encoding="UTF-8"?>
<!-- Generated by org.testng.reporters.JUnitReportReporter -->
<testsuite hostname="DESKTOP-7QLBC7F" failures="0" tests="1" name="test.LaboratoryLoginTest" time="17.903" errors="0" timestamp="2023-11-01T18:44:13 IST" skipped="0">
  <testcase classname="test.LaboratoryLoginTest" name="laboratoryValidCredentialtest" time="17.903"/>
</testsuite> <!-- test.LaboratoryLoginTest -->
